C51 COMPILER V9.54   3                                                                     02/10/2018 18:48:01 PAGE 1   


C51 COMPILER V9.54, COMPILATION OF MODULE 3
OBJECT MODULE PLACED IN .\Objects\3.obj
COMPILER INVOKED BY: d:\Keil_v5\C51\BIN\C51.EXE 3.c OPTIMIZE(8,SPEED) BROWSE DEBUG OBJECTEXTEND PRINT(.\Listings\3.lst) 
                    -TABS(2) OBJECT(.\Objects\3.obj)

line level    source

   1          #include<reg51.h>
   2          sbit P1_0=P1^0;
   3          void main(){
   4   1        TMOD=0x02;      //设置工作方式
   5   1        TH0=0x06;       //载入初值
   6   1        TL0=TH0;
   7   1        while(1){
   8   2          TR0=1;        //启动定时器T0
   9   2          while(!TF0);  //查询TF0置位
  10   2          P1_0=!P1_0;   //计时满溢取反
  11   2          TF0=0;        //软件TF0清0  
  12   2        }
  13   1      }
  14          


MODULE INFORMATION:   STATIC OVERLAYABLE
   CODE SIZE        =     20    ----
   CONSTANT SIZE    =   ----    ----
   XDATA SIZE       =   ----    ----
   PDATA SIZE       =   ----    ----
   DATA SIZE        =   ----    ----
   IDATA SIZE       =   ----    ----
   BIT SIZE         =   ----    ----
END OF MODULE INFORMATION.


C51 COMPILATION COMPLETE.  0 WARNING(S),  0 ERROR(S)
