C51 COMPILER V9.54   4                                                                     02/10/2018 18:53:37 PAGE 1   


C51 COMPILER V9.54, COMPILATION OF MODULE 4
OBJECT MODULE PLACED IN .\Objects\4.obj
COMPILER INVOKED BY: d:\Keil_v5\C51\BIN\C51.EXE 4.c OPTIMIZE(8,SPEED) BROWSE DEBUG OBJECTEXTEND PRINT(.\Listings\4.lst) 
                    -TABS(2) OBJECT(.\Objects\4.obj)

line level    source

   1          #include<reg51.h>
   2          sbit P1_0=P1^0;
   3          sbit P0_0=P0^0;
   4          char i=0;
   5          turn0()interrupt 1    //1号中断控制T0
   6          {
   7   1          P1_0=!P1_0;   //计时满溢取反  
   8   1          TH0=0xfe;     //T0载入初值
   9   1          TL0=0x0c; 
  10   1      }
  11          turn1() interrupt 3{  //3号中断控制T1
  12   1        i++;
  13   1        if(i%10==0)
  14   1          P0_0 =!P0_0 ;
  15   1      }
  16          void main(){
  17   1        TMOD=0x61;    //设置工作方式
  18   1        EA=1;         //打开总中断
  19   1        ET0=1;        //打开T0中断    
  20   1        TH0=0xfe;     //定时器T0载入初值
  21   1        TL0=0x0c;
  22   1      
  23   1        TL1=0x9c;     //计数器T1载入初值
  24   1        TH1=TL1;
  25   1        ET1=1;        //打开T1中断
  26   1          
  27   1        TR0=1;        //打开定时器T0
  28   1        TR1=1;        //打开计数器T1    
  29   1      while(1); 
  30   1      }


MODULE INFORMATION:   STATIC OVERLAYABLE
   CODE SIZE        =    109    ----
   CONSTANT SIZE    =   ----    ----
   XDATA SIZE       =   ----    ----
   PDATA SIZE       =   ----    ----
   DATA SIZE        =      1    ----
   IDATA SIZE       =   ----    ----
   BIT SIZE         =   ----    ----
END OF MODULE INFORMATION.


C51 COMPILATION COMPLETE.  0 WARNING(S),  0 ERROR(S)
