C51 COMPILER V9.54   3                                                                     02/10/2018 19:49:00 PAGE 1   


C51 COMPILER V9.54, COMPILATION OF MODULE 3
OBJECT MODULE PLACED IN .\Objects\3.obj
COMPILER INVOKED BY: d:\Keil_v5\C51\BIN\C51.EXE 3.c OPTIMIZE(8,SPEED) BROWSE DEBUG OBJECTEXTEND PRINT(.\Listings\3.lst) 
                    -TABS(2) OBJECT(.\Objects\3.obj)

line level    source

   1          #include<reg51.h>
   2          sbit key=P3^3;
   3          unsigned char code LED[]={0xc0,0xf9,0xa4,0xb0,0x99,0x92,0x82,0xf8,0x80,0x90};   //CA 共阳码
   4          unsigned char code LEDp[]={0x40,0x79,0x24,0x30,0x19,0x12,0x02,0x78,0x00,0x10};  //带小数点共阳码
   5          unsigned char buf[4]={0};         //存放当前LED的4位数
   6          unsigned int i=0;
   7          unsigned int k0=0;
   8          void delay(unsigned char x){      //延迟函数
   9   1        while(1){
  10   2          TR0=1;
  11   2          do{}while(!TF0);
  12   2          if(++i%x==0)    
  13   2            break;
  14   2          TF0=0;
  15   2        }
  16   1      }
  17          void display(){                   //LED显示
  18   1        unsigned char i;
  19   1        for(i=0;i<4;i++){     //循环显示
  20   2          P2=(0x01<<i);       //选位信号
  21   2          if(P2==0x02)
  22   2            P1=LEDp[buf[i]];    //第2位带点现显示数字
  23   2          else 
  24   2            P1=LED[buf[i]];     //显示数值
  25   2          delay(2);             //延迟0.5ms
  26   2          P1=0xff;              //消隐
  27   2        }
  28   1      }
  29          init0() interrupt 0{   // 初始化为0
  30   1          buf[3]=0;
  31   1          buf[2]=0;
  32   1          buf[1]=0;
  33   1          buf[0]=0;
  34   1      }
  35          pause() interrupt 2{  // 暂停中断
  36   1          while(1){
  37   2            display();
  38   2            if(key)break;
  39   2          }
  40   1      }
  41          
  42          t() interrupt 1{
  43   1      
  44   1      if(++k0/40==1){
  45   2          
  46   2          k0=0;
  47   2              buf[3]++;
  48   2              if(buf[3]==10){
  49   3                buf[3]=0;
  50   3                buf[2]++;
  51   3              }
  52   2              if(buf[2]==10){
  53   3                buf[2]=0;
  54   3                buf[1]++;
C51 COMPILER V9.54   3                                                                     02/10/2018 19:49:00 PAGE 2   

  55   3              }
  56   2              if(buf[1]==10){
  57   3                buf[1]=0;
  58   3                buf[0]++;
  59   3              }
  60   2              if(buf[0]==10){
  61   3                buf[3]=0;
  62   3                buf[2]=0;
  63   3                buf[1]=0;
  64   3                buf[0]=0;
  65   3              }
  66   2        
  67   2          }
  68   1      TF0=0;
  69   1      
  70   1      }
  71          void main(){
  72   1        EA=1;   //打开总中断
  73   1        EX0=1;  //打开INT0中断
  74   1        EX1=1;  //打开INT1中断
  75   1        ET0=1;  //打开定时器T0中断
  76   1        IT0=0;  //设置INT0位触发方式位低电平
  77   1        IT1=0;  //设置INT1位触发方式位低电平  
  78   1        TMOD=0x02;
  79   1        TL0=0x06;   //T0定时器装载初值
  80   1        TH0=TL0;
  81   1        
  82   1      
  83   1        while(1){
  84   2          display();  //调用显示函数
  85   2          TR0=1;      //打开计数器
  86   2          
  87   2        }
  88   1      }
  89          
  90          
  91          /*
  92          #include<reg51.h>
  93          sbit key=P3^3;
  94          unsigned char code LED[]={0xc0,0xf9,0xa4,0xb0,0x99,0x92,0x82,0xf8,0x80,0x90};   //CA 共阳码
  95          unsigned char code LEDp[]={0x40,0x79,0x24,0x30,0x19,0x12,0x02,0x78,0x00,0x10};  //带小数点共阳码
  96          unsigned char buf[4]={0};         //存放当前LED的4位数
  97          unsigned int i=0;
  98          void delay(unsigned char x){      //延迟函数
  99            while(1){
 100              TR0=1;
 101              do{}while(!TF0);
 102              if(++i%x==0)    
 103                break;
 104              TF0=0;
 105            }
 106          }
 107          void display(){                   //LED显示
 108            unsigned char i;
 109            for(i=0;i<4;i++){     //循环显示
 110              P2=(0x01<<i);       //选位信号
 111              if(P2==0x02)
 112                P1=LEDp[buf[i]];    //第2位带点现显示数字
 113              else 
 114                P1=LED[buf[i]];     //显示数值
 115              delay(2);             //延迟0.5ms
 116              P1=0xff;              //消隐
C51 COMPILER V9.54   3                                                                     02/10/2018 19:49:00 PAGE 3   

 117            }
 118          }
 119          init0() interrupt 0{   // 初始化为0
 120              buf[3]=0;
 121              buf[2]=0;
 122              buf[1]=0;
 123              buf[0]=0;
 124          }
 125          pause() interrupt 2{  // 暂停中断
 126              while(1){
 127                display();
 128                if(key)break;
 129              }
 130          }
 131          init() interrupt 3{       //待显示数字的初始化
 132            buf[3]++;
 133            if(buf[3]==10){
 134              buf[3]=0;
 135              buf[2]++;
 136            }
 137            if(buf[2]==10){
 138              buf[2]=0;
 139              buf[1]++;
 140            }
 141            if(buf[1]==10){
 142              buf[1]=0;
 143              buf[0]++;
 144            }
 145            if(buf[0]==10){
 146              buf[3]=0;
 147              buf[2]=0;
 148              buf[1]=0;
 149              buf[0]=0;
 150            }
 151            TF1=0;
 152          }
 153          void main(){
 154            EA=1;   //打开总中断
 155            EX0=1;  //打开INT0中断
 156            EX1=1;  //打开INT1中断
 157            ET1=1;  //打开定时器T1中断
 158            IT0=0;  //设置INT0位触发方式位低电平
 159            IT1=0;  //设置INT1位触发方式位低电平  
 160            TMOD=0x60;
 161            TL1=0xf6;   //T1计数器装载初值256 ，256满溢
 162            TH1=TL1;
 163            while(1){
 164              display();  //调用显示函数
 165              TR1=1;      //打开计数器
 166            }
 167          }*/


MODULE INFORMATION:   STATIC OVERLAYABLE
   CODE SIZE        =    302    ----
   CONSTANT SIZE    =     20    ----
   XDATA SIZE       =   ----    ----
   PDATA SIZE       =   ----    ----
   DATA SIZE        =      8    ----
   IDATA SIZE       =   ----    ----
   BIT SIZE         =   ----    ----
END OF MODULE INFORMATION.

C51 COMPILER V9.54   3                                                                     02/10/2018 19:49:00 PAGE 4   


C51 COMPILATION COMPLETE.  0 WARNING(S),  0 ERROR(S)
