C51 COMPILER V9.54   2                                                                     02/09/2018 21:20:26 PAGE 1   


C51 COMPILER V9.54, COMPILATION OF MODULE 2
OBJECT MODULE PLACED IN .\Objects\2.obj
COMPILER INVOKED BY: d:\Keil_v5\C51\BIN\C51.EXE 2.c OPTIMIZE(8,SPEED) BROWSE DEBUG OBJECTEXTEND PRINT(.\Listings\2.lst) 
                    -TABS(2) OBJECT(.\Objects\2.obj)

line level    source

   1          #include<reg51.h>
   2          sbit key=P3^0;
   3          unsigned char code LED[]={0xc0,0xf9,0xa4,0xb0,0x99,0x92,0x82,0xf8,0x80,0x90};   //CA 共阳
   4          //unsigned char code LED[]={0x3f,0x06,0x5b,0x4f,0x66,0x6d,0x7d,0x07,0x7f,0x6f}; //cc
   5          unsigned char buf[4];         //存放当前LED的4位数
   6          unsigned int Q=1560;          //设定需要消耗1560kJ热量
   7          unsigned int i=0;
   8          void delay(unsigned char x){
   9   1        while(1){
  10   2          TR0=1;
  11   2          do{}while(!TF0);
  12   2          if(++i%x==0)    
  13   2            break;
  14   2          TF0=0;
  15   2        }
  16   1      }
  17          count() interrupt 3{
  18   1         Q-=3;
  19   1         TF1=0;
  20   1      }
  21          init0() interrupt 0{
  22   1         Q = 1560;
  23   1      }
  24          void display(unsigned int temp){//LED显示
  25   1        unsigned char i;
  26   1        buf[0]=temp/1000;     //分离数值位
  27   1        buf[1]=temp%1000/100;
  28   1        buf[2]=temp%100/10;
  29   1        buf[3]=temp%10;
  30   1        for(i=0;i<4;i++){     //循环显示
  31   2          P2=(0x01<<i);       //选位信号
  32   2          P1=LED[buf[i]];     //显示数值
  33   2          delay(40);          //延迟
  34   2          P1=0xff;            //消隐
  35   2        }
  36   1      }
  37          void main(){
  38   1        EA=1;   //打开总中断
  39   1        EX0=1;  //打开INT0中断
  40   1        ET1=1;  //打开定时器T1中断
  41   1        IT1=0;  //设置INT0位触发方式位低电平
  42   1          
  43   1        TMOD=0x62;  //设置工作方式
  44   1        TL0=0x06;   //T0定时器装载初值0.25ms
  45   1        TH0=TL0;
  46   1        
  47   1        TL1=0xf6;   //T1计数器装载初值246 ，256满溢
  48   1        TH1=TL1;
  49   1        while(1){
  50   2          display(Q); //调用显示函数
  51   2          TR1=1;      //打开计数器
  52   2        }
  53   1      }

C51 COMPILER V9.54   2                                                                     02/09/2018 21:20:26 PAGE 2   


MODULE INFORMATION:   STATIC OVERLAYABLE
   CODE SIZE        =    215    ----
   CONSTANT SIZE    =     10    ----
   XDATA SIZE       =   ----    ----
   PDATA SIZE       =   ----    ----
   DATA SIZE        =      8    ----
   IDATA SIZE       =   ----    ----
   BIT SIZE         =   ----    ----
END OF MODULE INFORMATION.


C51 COMPILATION COMPLETE.  0 WARNING(S),  0 ERROR(S)
