C51 COMPILER V9.54   2                                                                     02/10/2018 18:42:33 PAGE 1   


C51 COMPILER V9.54, COMPILATION OF MODULE 2
OBJECT MODULE PLACED IN .\Objects\2.obj
COMPILER INVOKED BY: d:\Keil_v5\C51\BIN\C51.EXE 2.c OPTIMIZE(8,SPEED) BROWSE DEBUG OBJECTEXTEND PRINT(.\Listings\2.lst) 
                    -TABS(2) OBJECT(.\Objects\2.obj)

line level    source

   1          #include<reg51.h>
   2          sbit P1_0=P1^0;
   3          turn()interrupt 1 //1号中断控制T0
   4          {
   5   1        P1_0=!P1_0;   //计时满溢取反  
   6   1        TH0=0xff;     //载入初值
   7   1        TL0=0x9c; 
   8   1        TF0=0;
   9   1      }
  10          void main(){
  11   1        P1_0=0;
  12   1        TMOD=0x05;    //设置工作方式
  13   1        EA=1;         //打开总中断
  14   1        ET0=1;        //打开T0中断    
  15   1        TH0=0xff;     //载入初值
  16   1        TL0=0x9c;
  17   1        TR0=1;        //打开定时器T0
  18   1      while(1); 
  19   1      }
  20          
  21          
  22          


MODULE INFORMATION:   STATIC OVERLAYABLE
   CODE SIZE        =     30    ----
   CONSTANT SIZE    =   ----    ----
   XDATA SIZE       =   ----    ----
   PDATA SIZE       =   ----    ----
   DATA SIZE        =   ----    ----
   IDATA SIZE       =   ----    ----
   BIT SIZE         =   ----    ----
END OF MODULE INFORMATION.


C51 COMPILATION COMPLETE.  0 WARNING(S),  0 ERROR(S)
