C51 COMPILER V9.54   8                                                                     02/10/2018 19:53:54 PAGE 1   


C51 COMPILER V9.54, COMPILATION OF MODULE 8
OBJECT MODULE PLACED IN .\Objects\8.obj
COMPILER INVOKED BY: d:\Keil_v5\C51\BIN\C51.EXE 8.c OPTIMIZE(8,SPEED) BROWSE DEBUG OBJECTEXTEND PRINT(.\Listings\8.lst) 
                    -TABS(2) OBJECT(.\Objects\8.obj)

line level    source

   1          #include<reg51.h>
   2          sbit key=P3^3;
   3          unsigned char code LED[]={0xc0,0xf9,0xa4,0xb0,0x99,0x92,0x82,0xf8,0x80,0x90};   //CA 共阳码
   4          unsigned char code LEDp[]={0x40,0x79,0x24,0x30,0x19,0x12,0x02,0x78,0x00,0x10};  //带小数点共阳码
   5          unsigned char buf[4]={0};         //存放当前LED的4位数
   6          unsigned int i=0;
   7          unsigned int k0=0;
   8          void delay(unsigned char x){      //延迟函数
   9   1        while(1){
  10   2          TR0=1;
  11   2          do{}while(!TF0);
  12   2          if(++i%x==0)    
  13   2            break;
  14   2          TF0=0;
  15   2        }
  16   1      }
  17          void display(){                   //LED显示
  18   1        unsigned char i;
  19   1        for(i=0;i<4;i++){     //循环显示
  20   2          P2=(0x01<<i);       //选位信号
  21   2          if(P2==0x02)
  22   2            P1=LEDp[buf[i]];    //第2位带点现显示数字
  23   2          else 
  24   2            P1=LED[buf[i]];     //显示数值
  25   2          delay(2);             //延迟0.5ms
  26   2          P1=0xff;              //消隐
  27   2        }
  28   1      }
  29          init0() interrupt 0{   // 初始化为0
  30   1          buf[3]=0;
  31   1          buf[2]=0;
  32   1          buf[1]=0;
  33   1          buf[0]=0;
  34   1      }
  35          pause() interrupt 2{  // 暂停中断
  36   1          while(1){
  37   2            display();
  38   2            if(key)break;
  39   2          }
  40   1      }
  41          
  42          init1() interrupt 1{
  43   1        if(++k0/40==1){   //40*0.25ms=10ms
  44   2          k0=0;
  45   2          buf[3]++;
  46   2          if(buf[3]==10){
  47   3            buf[3]=0;
  48   3            buf[2]++;
  49   3          }
  50   2          if(buf[2]==10){
  51   3            buf[2]=0;
  52   3            buf[1]++;
  53   3          }
  54   2          if(buf[1]==10){
C51 COMPILER V9.54   8                                                                     02/10/2018 19:53:54 PAGE 2   

  55   3            buf[1]=0;
  56   3            buf[0]++;
  57   3          }
  58   2          if(buf[0]==10){
  59   3            buf[3]=0;
  60   3            buf[2]=0;
  61   3            buf[1]=0;
  62   3            buf[0]=0;
  63   3          }
  64   2        }
  65   1      TF0=0;
  66   1      }
  67          void main(){
  68   1        EA=1;   //打开总中断
  69   1        EX0=1;  //打开INT0中断
  70   1        EX1=1;  //打开INT1中断
  71   1        ET0=1;  //打开定时器T0中断
  72   1        IT0=0;  //设置INT0位触发方式位低电平
  73   1        IT1=0;  //设置INT1位触发方式位低电平  
  74   1        TMOD=0x02;
  75   1        TL0=0x06;   //T0定时器装载初值
  76   1        TH0=TL0;
  77   1        while(1){
  78   2          display();  //调用显示函数
  79   2          TR0=1;      //打开计数器
  80   2        }
  81   1      }
  82          


MODULE INFORMATION:   STATIC OVERLAYABLE
   CODE SIZE        =    302    ----
   CONSTANT SIZE    =     20    ----
   XDATA SIZE       =   ----    ----
   PDATA SIZE       =   ----    ----
   DATA SIZE        =      8    ----
   IDATA SIZE       =   ----    ----
   BIT SIZE         =   ----    ----
END OF MODULE INFORMATION.


C51 COMPILATION COMPLETE.  0 WARNING(S),  0 ERROR(S)
